<?xml version="1.0" encoding="UTF-8"?>
<testsuite name="Labs.relogioDePontoRest.RelogioDePontoRestApplicationTests" tests="1" skipped="0" failures="0" errors="0" timestamp="2021-08-26T02:21:31" hostname="pop-os" time="0.426">
  <properties/>
  <testcase name="contextLoads()" classname="Labs.relogioDePontoRest.RelogioDePontoRestApplicationTests" time="0.426"/>
  <system-out><![CDATA[23:21:20.175 [Test worker] DEBUG org.springframework.test.context.BootstrapUtils - Instantiating CacheAwareContextLoaderDelegate from class [org.springframework.test.context.cache.DefaultCacheAwareContextLoaderDelegate]
23:21:20.189 [Test worker] DEBUG org.springframework.test.context.BootstrapUtils - Instantiating BootstrapContext using constructor [public org.springframework.test.context.support.DefaultBootstrapContext(java.lang.Class,org.springframework.test.context.CacheAwareContextLoaderDelegate)]
23:21:20.247 [Test worker] DEBUG org.springframework.test.context.BootstrapUtils - Instantiating TestContextBootstrapper for test class [Labs.relogioDePontoRest.RelogioDePontoRestApplicationTests] from class [org.springframework.boot.test.context.SpringBootTestContextBootstrapper]
23:21:20.271 [Test worker] INFO org.springframework.boot.test.context.SpringBootTestContextBootstrapper - Neither @ContextConfiguration nor @ContextHierarchy found for test class [Labs.relogioDePontoRest.RelogioDePontoRestApplicationTests], using SpringBootContextLoader
23:21:20.279 [Test worker] DEBUG org.springframework.test.context.support.AbstractContextLoader - Did not detect default resource location for test class [Labs.relogioDePontoRest.RelogioDePontoRestApplicationTests]: class path resource [Labs/relogioDePontoRest/RelogioDePontoRestApplicationTests-context.xml] does not exist
23:21:20.281 [Test worker] DEBUG org.springframework.test.context.support.AbstractContextLoader - Did not detect default resource location for test class [Labs.relogioDePontoRest.RelogioDePontoRestApplicationTests]: class path resource [Labs/relogioDePontoRest/RelogioDePontoRestApplicationTestsContext.groovy] does not exist
23:21:20.282 [Test worker] INFO org.springframework.test.context.support.AbstractContextLoader - Could not detect default resource locations for test class [Labs.relogioDePontoRest.RelogioDePontoRestApplicationTests]: no resource found for suffixes {-context.xml, Context.groovy}.
23:21:20.283 [Test worker] INFO org.springframework.test.context.support.AnnotationConfigContextLoaderUtils - Could not detect default configuration classes for test class [Labs.relogioDePontoRest.RelogioDePontoRestApplicationTests]: RelogioDePontoRestApplicationTests does not declare any static, non-private, non-final, nested classes annotated with @Configuration.
23:21:20.393 [Test worker] DEBUG org.springframework.test.context.support.ActiveProfilesUtils - Could not find an 'annotation declaring class' for annotation type [org.springframework.test.context.ActiveProfiles] and class [Labs.relogioDePontoRest.RelogioDePontoRestApplicationTests]
23:21:20.497 [Test worker] DEBUG org.springframework.context.annotation.ClassPathScanningCandidateComponentProvider - Identified candidate component class: file [/home/lenowars/Área de Trabalho/Dev/relogioDePontoRest/build/classes/java/main/Labs/relogioDePontoRest/RelogioDePontoRestApplication.class]
23:21:20.499 [Test worker] INFO org.springframework.boot.test.context.SpringBootTestContextBootstrapper - Found @SpringBootConfiguration Labs.relogioDePontoRest.RelogioDePontoRestApplication for test class Labs.relogioDePontoRest.RelogioDePontoRestApplicationTests
23:21:20.680 [Test worker] DEBUG org.springframework.boot.test.context.SpringBootTestContextBootstrapper - @TestExecutionListeners is not present for class [Labs.relogioDePontoRest.RelogioDePontoRestApplicationTests]: using defaults.
23:21:20.681 [Test worker] INFO org.springframework.boot.test.context.SpringBootTestContextBootstrapper - Loaded default TestExecutionListener class names from location [META-INF/spring.factories]: [org.springframework.boot.test.autoconfigure.restdocs.RestDocsTestExecutionListener, org.springframework.boot.test.autoconfigure.web.client.MockRestServiceServerResetTestExecutionListener, org.springframework.boot.test.autoconfigure.web.servlet.MockMvcPrintOnlyOnFailureTestExecutionListener, org.springframework.boot.test.autoconfigure.web.servlet.WebDriverTestExecutionListener, org.springframework.boot.test.autoconfigure.webservices.client.MockWebServiceServerTestExecutionListener, org.springframework.boot.test.mock.mockito.MockitoTestExecutionListener, org.springframework.boot.test.mock.mockito.ResetMocksTestExecutionListener, org.springframework.test.context.web.ServletTestExecutionListener, org.springframework.test.context.support.DirtiesContextBeforeModesTestExecutionListener, org.springframework.test.context.event.ApplicationEventsTestExecutionListener, org.springframework.test.context.support.DependencyInjectionTestExecutionListener, org.springframework.test.context.support.DirtiesContextTestExecutionListener, org.springframework.test.context.transaction.TransactionalTestExecutionListener, org.springframework.test.context.jdbc.SqlScriptsTestExecutionListener, org.springframework.test.context.event.EventPublishingTestExecutionListener]
23:21:20.714 [Test worker] INFO org.springframework.boot.test.context.SpringBootTestContextBootstrapper - Using TestExecutionListeners: [org.springframework.test.context.web.ServletTestExecutionListener@43c8d9f5, org.springframework.test.context.support.DirtiesContextBeforeModesTestExecutionListener@6549b0e5, org.springframework.test.context.event.ApplicationEventsTestExecutionListener@572d96a7, org.springframework.boot.test.mock.mockito.MockitoTestExecutionListener@27f3413c, org.springframework.boot.test.autoconfigure.SpringBootDependencyInjectionTestExecutionListener@22712346, org.springframework.test.context.support.DirtiesContextTestExecutionListener@a977175, org.springframework.test.context.transaction.TransactionalTestExecutionListener@3134462e, org.springframework.test.context.jdbc.SqlScriptsTestExecutionListener@cf31b95, org.springframework.test.context.event.EventPublishingTestExecutionListener@2733625e, org.springframework.boot.test.autoconfigure.restdocs.RestDocsTestExecutionListener@169eb314, org.springframework.boot.test.autoconfigure.web.client.MockRestServiceServerResetTestExecutionListener@50882df, org.springframework.boot.test.autoconfigure.web.servlet.MockMvcPrintOnlyOnFailureTestExecutionListener@11b30e58, org.springframework.boot.test.autoconfigure.web.servlet.WebDriverTestExecutionListener@2daebfa2, org.springframework.boot.test.autoconfigure.webservices.client.MockWebServiceServerTestExecutionListener@4e4baf10, org.springframework.boot.test.mock.mockito.ResetMocksTestExecutionListener@f94d27c]
23:21:20.722 [Test worker] DEBUG org.springframework.test.context.support.AbstractDirtiesContextTestExecutionListener - Before test class: context [DefaultTestContext@b23bdcc testClass = RelogioDePontoRestApplicationTests, testInstance = [null], testMethod = [null], testException = [null], mergedContextConfiguration = [WebMergedContextConfiguration@67951079 testClass = RelogioDePontoRestApplicationTests, locations = '{}', classes = '{class Labs.relogioDePontoRest.RelogioDePontoRestApplication}', contextInitializerClasses = '[]', activeProfiles = '{}', propertySourceLocations = '{}', propertySourceProperties = '{org.springframework.boot.test.context.SpringBootTestContextBootstrapper=true}', contextCustomizers = set[org.springframework.boot.test.autoconfigure.actuate.metrics.MetricsExportContextCustomizerFactory$DisableMetricExportContextCustomizer@23b504f, org.springframework.boot.test.autoconfigure.properties.PropertyMappingContextCustomizer@0, org.springframework.boot.test.autoconfigure.web.servlet.WebDriverContextCustomizerFactory$Customizer@7beeb666, org.springframework.boot.test.context.filter.ExcludeFilterContextCustomizer@7422b807, org.springframework.boot.test.json.DuplicateJsonObjectContextCustomizerFactory$DuplicateJsonObjectContextCustomizer@4ea98355, org.springframework.boot.test.mock.mockito.MockitoContextCustomizer@0, org.springframework.boot.test.web.client.TestRestTemplateContextCustomizer@334d56f8, org.springframework.boot.test.context.SpringBootTestArgs@1, org.springframework.boot.test.context.SpringBootTestWebEnvironment@4ab2516c], resourceBasePath = 'src/main/webapp', contextLoader = 'org.springframework.boot.test.context.SpringBootContextLoader', parent = [null]], attributes = map['org.springframework.test.context.web.ServletTestExecutionListener.activateListener' -> true]], class annotated with @DirtiesContext [false] with mode [null].
23:21:20.797 [Test worker] DEBUG org.springframework.test.context.support.TestPropertySourceUtils - Adding inlined properties to environment: {spring.jmx.enabled=false, org.springframework.boot.test.context.SpringBootTestContextBootstrapper=true}

  .   ____          _            __ _ _
 /\\ / ___'_ __ _ _(_)_ __  __ _ \ \ \ \
( ( )\___ | '_ | '_| | '_ \/ _` | \ \ \ \
 \\/  ___)| |_)| | | | | || (_| |  ) ) ) )
  '  |____| .__|_| |_|_| |_\__, | / / / /
 =========|_|==============|___/=/_/_/_/
 :: Spring Boot ::                (v2.5.3)

2021-08-25 23:21:21.344  INFO 28674 --- [    Test worker] L.r.RelogioDePontoRestApplicationTests   : Starting RelogioDePontoRestApplicationTests using Java 16.0.2 on pop-os with PID 28674 (started by lenowars in /home/lenowars/Área de Trabalho/Dev/relogioDePontoRest)
2021-08-25 23:21:21.351  INFO 28674 --- [    Test worker] L.r.RelogioDePontoRestApplicationTests   : No active profile set, falling back to default profiles: default
2021-08-25 23:21:22.834  INFO 28674 --- [    Test worker] .s.d.r.c.RepositoryConfigurationDelegate : Bootstrapping Spring Data JPA repositories in DEFAULT mode.
2021-08-25 23:21:22.948  INFO 28674 --- [    Test worker] .s.d.r.c.RepositoryConfigurationDelegate : Finished Spring Data repository scanning in 99 ms. Found 1 JPA repository interfaces.
2021-08-25 23:21:24.073  INFO 28674 --- [    Test worker] o.hibernate.jpa.internal.util.LogHelper  : HHH000204: Processing PersistenceUnitInfo [name: default]
2021-08-25 23:21:24.170  INFO 28674 --- [    Test worker] org.hibernate.Version                    : HHH000412: Hibernate ORM core version 5.4.32.Final
2021-08-25 23:21:24.448  INFO 28674 --- [    Test worker] o.hibernate.annotations.common.Version   : HCANN000001: Hibernate Commons Annotations {5.1.2.Final}
2021-08-25 23:21:24.660  INFO 28674 --- [    Test worker] com.zaxxer.hikari.HikariDataSource       : HikariPool-1 - Starting...
2021-08-25 23:21:25.121  INFO 28674 --- [    Test worker] com.zaxxer.hikari.HikariDataSource       : HikariPool-1 - Start completed.
2021-08-25 23:21:25.181  INFO 28674 --- [    Test worker] org.hibernate.dialect.Dialect            : HHH000400: Using dialect: org.hibernate.dialect.H2Dialect
2021-08-25 23:21:25.975  INFO 28674 --- [    Test worker] org.hibernate.tuple.PojoInstantiator     : HHH000182: No default (no-argument) constructor for class: Labs.relogioDePontoRest.model.Movimentacao$MovimentacaoId (class must be instantiated by Interceptor)
2021-08-25 23:21:25.987  INFO 28674 --- [    Test worker] org.hibernate.tuple.PojoInstantiator     : HHH000182: No default (no-argument) constructor for class: Labs.relogioDePontoRest.model.BancoDeHoras$DhId (class must be instantiated by Interceptor)
2021-08-25 23:21:27.862  INFO 28674 --- [    Test worker] o.h.e.t.j.p.i.JtaPlatformInitiator       : HHH000490: Using JtaPlatform implementation: [org.hibernate.engine.transaction.jta.platform.internal.NoJtaPlatform]
2021-08-25 23:21:27.882  INFO 28674 --- [    Test worker] j.LocalContainerEntityManagerFactoryBean : Initialized JPA EntityManagerFactory for persistence unit 'default'
2021-08-25 23:21:28.980  WARN 28674 --- [    Test worker] JpaBaseConfiguration$JpaWebConfiguration : spring.jpa.open-in-view is enabled by default. Therefore, database queries may be performed during view rendering. Explicitly configure spring.jpa.open-in-view to disable this warning
2021-08-25 23:21:29.887  INFO 28674 --- [    Test worker] o.s.b.a.h2.H2ConsoleAutoConfiguration    : H2 console available at '/h2'. Database available at 'jdbc:h2:~/test'
2021-08-25 23:21:31.139  INFO 28674 --- [    Test worker] L.r.RelogioDePontoRestApplicationTests   : Started RelogioDePontoRestApplicationTests in 10.33 seconds (JVM running for 12.343)
]]></system-out>
  <system-err><![CDATA[]]></system-err>
</testsuite>
